<?xml version="1.0" encoding="UTF-8" ?>
<testsuite tests="25" failures="0" name="nl.uva.bromance.GrammarTest" time="0.009" errors="1" skipped="0">
  <properties>
    <property name="idea.version" value="14.0.2"/>
    <property name="java.runtime.name" value="Java(TM) SE Runtime Environment"/>
    <property name="sun.boot.library.path" value="C:\Program Files (x86)\Java\jdk1.8.0_31\jre\bin"/>
    <property name="java.vm.version" value="25.31-b07"/>
    <property name="java.vm.vendor" value="Oracle Corporation"/>
    <property name="java.vendor.url" value="http://java.oracle.com/"/>
    <property name="path.separator" value=";"/>
    <property name="guice.disable.misplaced.annotation.check" value="true"/>
    <property name="java.vm.name" value="Java HotSpot(TM) Client VM"/>
    <property name="file.encoding.pkg" value="sun.io"/>
    <property name="idea.launcher.port" value="7540"/>
    <property name="user.script" value=""/>
    <property name="user.country" value="US"/>
    <property name="sun.java.launcher" value="SUN_STANDARD"/>
    <property name="sun.os.patch.level" value="Service Pack 1"/>
    <property name="java.vm.specification.name" value="Java Virtual Machine Specification"/>
    <property name="user.dir" value="D:\Dev\Workspaces\intellij\UvA\many-ql\RobertGer"/>
    <property name="java.runtime.version" value="1.8.0_31-b13"/>
    <property name="java.awt.graphicsenv" value="sun.awt.Win32GraphicsEnvironment"/>
    <property name="java.endorsed.dirs" value="C:\Program Files (x86)\Java\jdk1.8.0_31\jre\lib\endorsed"/>
    <property name="os.arch" value="x86"/>
    <property name="java.io.tmpdir" value="C:\Users\Robert\AppData\Local\Temp\"/>
    <property name="line.separator" value="
"/>
    <property name="java.vm.specification.vendor" value="Oracle Corporation"/>
    <property name="user.variant" value=""/>
    <property name="os.name" value="Windows 7"/>
    <property name="classworlds.conf" value="C:\apache-maven-3.2.5\bin\m2.conf"/>
    <property name="sun.jnu.encoding" value="Cp1252"/>
    <property name="java.library.path" value="C:\Program Files (x86)\Java\jdk1.8.0_31\bin;C:\Windows\Sun\Java\bin;C:\Windows\system32;C:\Windows;C:\ProgramData\Oracle\Java\javapath;C:\Program Files\Common Files\Microsoft Shared\Windows Live;C:\Program Files (x86)\Common Files\Microsoft Shared\Windows Live;C:\Windows\system32;C:\Windows;C:\Windows\System32\Wbem;C:\Windows\System32\WindowsPowerShell\v1.0\;C:\Program Files (x86)\ATI Technologies\ATI.ACE\Core-Static;C:\Program Files (x86)\Windows Live\Shared;C:\Program Files (x86)\scala\bin;C:\Program Files (x86)\AMD\ATI.ACE\Core-Static;C:\Program Files (x86)\Git\cmd;."/>
    <property name="java.specification.name" value="Java Platform API Specification"/>
    <property name="java.class.version" value="52.0"/>
    <property name="sun.management.compiler" value="HotSpot Client Compiler"/>
    <property name="os.version" value="6.1"/>
    <property name="user.home" value="C:\Users\Robert"/>
    <property name="user.timezone" value="Europe/Berlin"/>
    <property name="java.awt.printerjob" value="sun.awt.windows.WPrinterJob"/>
    <property name="java.specification.version" value="1.8"/>
    <property name="idea.launcher.bin.path" value="D:\Installs\IntelliJ IDEA Community Edition 14.0.2\bin"/>
    <property name="file.encoding" value="UTF-8"/>
    <property name="user.name" value="Robert"/>
    <property name="java.class.path" value="C:\apache-maven-3.2.5\boot\plexus-classworlds-2.5.2.jar;D:\Installs\IntelliJ IDEA Community Edition 14.0.2\lib\idea_rt.jar"/>
    <property name="java.vm.specification.version" value="1.8"/>
    <property name="sun.arch.data.model" value="32"/>
    <property name="java.home" value="C:\Program Files (x86)\Java\jdk1.8.0_31\jre"/>
    <property name="sun.java.command" value="com.intellij.rt.execution.application.AppMain org.codehaus.classworlds.Launcher -Didea.version=14.0.2 test"/>
    <property name="java.specification.vendor" value="Oracle Corporation"/>
    <property name="user.language" value="en"/>
    <property name="awt.toolkit" value="sun.awt.windows.WToolkit"/>
    <property name="java.vm.info" value="mixed mode"/>
    <property name="java.version" value="1.8.0_31"/>
    <property name="java.ext.dirs" value="C:\Program Files (x86)\Java\jdk1.8.0_31\jre\lib\ext;C:\Windows\Sun\Java\lib\ext"/>
    <property name="sun.boot.class.path" value="C:\Program Files (x86)\Java\jdk1.8.0_31\jre\lib\resources.jar;C:\Program Files (x86)\Java\jdk1.8.0_31\jre\lib\rt.jar;C:\Program Files (x86)\Java\jdk1.8.0_31\jre\lib\sunrsasign.jar;C:\Program Files (x86)\Java\jdk1.8.0_31\jre\lib\jsse.jar;C:\Program Files (x86)\Java\jdk1.8.0_31\jre\lib\jce.jar;C:\Program Files (x86)\Java\jdk1.8.0_31\jre\lib\charsets.jar;C:\Program Files (x86)\Java\jdk1.8.0_31\jre\lib\jfr.jar;C:\Program Files (x86)\Java\jdk1.8.0_31\jre\classes"/>
    <property name="java.vendor" value="Oracle Corporation"/>
    <property name="maven.home" value="C:\apache-maven-3.2.5"/>
    <property name="file.separator" value="\"/>
    <property name="java.vendor.url.bug" value="http://bugreport.sun.com/bugreport/"/>
    <property name="sun.cpu.endian" value="little"/>
    <property name="sun.io.unicode.encoding" value="UnicodeLittle"/>
    <property name="sun.desktop" value="windows"/>
    <property name="sun.cpu.isalist" value=""/>
  </properties>
  <testcase classname="nl.uva.bromance.GrammarTest" name="formHasMalformedFormBody" time="0"/>
  <testcase classname="nl.uva.bromance.GrammarTest" name="ifStatementAndMultipleElseIfStatementWithoutBodyContents" time="0"/>
  <testcase classname="nl.uva.bromance.GrammarTest" name="formContainsMultipleIfStatementWithoutBodyContents" time="0"/>
  <testcase classname="nl.uva.bromance.GrammarTest" name="question" time="0"/>
  <testcase classname="nl.uva.bromance.GrammarTest" name="malformedIfStatementBody" time="0"/>
  <testcase classname="nl.uva.bromance.GrammarTest" name="formWithoutBodyContent" time="0"/>
  <testcase classname="nl.uva.bromance.GrammarTest" name="ifStatementHasNoExpression" time="0"/>
  <testcase classname="nl.uva.bromance.GrammarTest" name="questionWithoutText" time="0"/>
  <testcase classname="nl.uva.bromance.GrammarTest" name="ifStatementAndElseIfStatementWithoutBodyContents" time="0"/>
  <testcase classname="nl.uva.bromance.GrammarTest" name="questionnaireWithoutForms" time="0"/>
  <testcase classname="nl.uva.bromance.GrammarTest" name="malformedCalculation" time="0"/>
  <testcase classname="nl.uva.bromance.GrammarTest" name="containsMultipleForms" time="0.002"/>
  <testcase classname="nl.uva.bromance.GrammarTest" name="malformedQuestion" time="0"/>
  <testcase classname="nl.uva.bromance.GrammarTest" name="questionWithoutAnswerType" time="0.001"/>
  <testcase classname="nl.uva.bromance.GrammarTest" name="formContainsElseStatementWithoutBodyContents" time="0"/>
  <testcase classname="nl.uva.bromance.GrammarTest" name="formContainsCalculationWithoutBody" time="0"/>
  <testcase classname="nl.uva.bromance.GrammarTest" name="formHasNoIdentifier" time="0.001"/>
  <testcase classname="nl.uva.bromance.GrammarTest" name="formContainsIfStatementAndElseStatementWithoutBodyContents" time="0"/>
  <testcase classname="nl.uva.bromance.GrammarTest" name="formContainsIfStatementWithoutBodyContents" time="0.001"/>
  <testcase classname="nl.uva.bromance.GrammarTest" name="formContainsIfStatementAndElseIfStatementAndElseStatementWithoutBodyContents" time="0.001"/>
  <testcase classname="nl.uva.bromance.GrammarTest" name="elseIfStatementWithoutBodyContents" time="0"/>
  <testcase classname="nl.uva.bromance.GrammarTest" name="correctForm" time="0.001"/>
  <testcase classname="nl.uva.bromance.GrammarTest" name="formContainsMultipleQuestions" time="0.001"/>
  <testcase classname="nl.uva.bromance.GrammarTest" name="correctCalculation" time="0.001">
    <error message="null SyntaxError @ line: 3:14 token recognition error at: &apos;&quot;{}}}&apos;" type="nl.uva.bromance.listeners.GrammarErrorListener$SyntaxError">nl.uva.bromance.listeners.GrammarErrorListener$SyntaxError: null SyntaxError @ line: 3:14 token recognition error at: &apos;&quot;{}}}&apos;
	at nl.uva.bromance.listeners.GrammarErrorListener.syntaxError(GrammarErrorListener.java:15)
	at org.antlr.v4.runtime.ProxyErrorListener.syntaxError(ProxyErrorListener.java:65)
	at org.antlr.v4.runtime.Lexer.notifyListeners(Lexer.java:386)
	at org.antlr.v4.runtime.Lexer.nextToken(Lexer.java:168)
	at org.antlr.v4.runtime.BufferedTokenStream.fetch(BufferedTokenStream.java:186)
	at org.antlr.v4.runtime.BufferedTokenStream.sync(BufferedTokenStream.java:169)
	at org.antlr.v4.runtime.BufferedTokenStream.consume(BufferedTokenStream.java:153)
	at org.antlr.v4.runtime.Parser.consume(Parser.java:585)
	at org.antlr.v4.runtime.Parser.match(Parser.java:218)
	at nl.uva.bromance.parsers.QLParser.calculation(QLParser.java:904)
	at nl.uva.bromance.parsers.QLParser.formBody(QLParser.java:322)
	at nl.uva.bromance.parsers.QLParser.form(QLParser.java:244)
	at nl.uva.bromance.parsers.QLParser.questionnaireBody(QLParser.java:191)
	at nl.uva.bromance.parsers.QLParser.questionnaire(QLParser.java:140)
	at nl.uva.bromance.GrammarTest.createTree(GrammarTest.java:343)
	at nl.uva.bromance.GrammarTest.correctCalculation(GrammarTest.java:332)
	at sun.reflect.NativeMethodAccessorImpl.invoke0(Native Method)
	at sun.reflect.NativeMethodAccessorImpl.invoke(NativeMethodAccessorImpl.java:62)
	at sun.reflect.DelegatingMethodAccessorImpl.invoke(DelegatingMethodAccessorImpl.java:43)
	at java.lang.reflect.Method.invoke(Method.java:483)
	at org.junit.runners.model.FrameworkMethod$1.runReflectiveCall(FrameworkMethod.java:50)
	at org.junit.internal.runners.model.ReflectiveCallable.run(ReflectiveCallable.java:12)
	at org.junit.runners.model.FrameworkMethod.invokeExplosively(FrameworkMethod.java:47)
	at org.junit.internal.runners.statements.InvokeMethod.evaluate(InvokeMethod.java:17)
	at org.junit.internal.runners.statements.RunBefores.evaluate(RunBefores.java:26)
	at org.junit.runners.ParentRunner.runLeaf(ParentRunner.java:325)
	at org.junit.runners.BlockJUnit4ClassRunner.runChild(BlockJUnit4ClassRunner.java:78)
	at org.junit.runners.BlockJUnit4ClassRunner.runChild(BlockJUnit4ClassRunner.java:57)
	at org.junit.runners.ParentRunner$3.run(ParentRunner.java:290)
	at org.junit.runners.ParentRunner$1.schedule(ParentRunner.java:71)
	at org.junit.runners.ParentRunner.runChildren(ParentRunner.java:288)
	at org.junit.runners.ParentRunner.access$000(ParentRunner.java:58)
	at org.junit.runners.ParentRunner$2.evaluate(ParentRunner.java:268)
	at org.junit.runners.ParentRunner.run(ParentRunner.java:363)
	at org.apache.maven.surefire.junit4.JUnit4Provider.execute(JUnit4Provider.java:252)
	at org.apache.maven.surefire.junit4.JUnit4Provider.executeTestSet(JUnit4Provider.java:141)
	at org.apache.maven.surefire.junit4.JUnit4Provider.invoke(JUnit4Provider.java:112)
	at sun.reflect.NativeMethodAccessorImpl.invoke0(Native Method)
	at sun.reflect.NativeMethodAccessorImpl.invoke(NativeMethodAccessorImpl.java:62)
	at sun.reflect.DelegatingMethodAccessorImpl.invoke(DelegatingMethodAccessorImpl.java:43)
	at java.lang.reflect.Method.invoke(Method.java:483)
	at org.apache.maven.surefire.util.ReflectionUtils.invokeMethodWithArray(ReflectionUtils.java:189)
	at org.apache.maven.surefire.booter.ProviderFactory$ProviderProxy.invoke(ProviderFactory.java:165)
	at org.apache.maven.surefire.booter.ProviderFactory.invokeProvider(ProviderFactory.java:85)
	at org.apache.maven.surefire.booter.ForkedBooter.runSuitesInProcess(ForkedBooter.java:115)
	at org.apache.maven.surefire.booter.ForkedBooter.main(ForkedBooter.java:75)
</error>
  </testcase>
  <testcase classname="nl.uva.bromance.GrammarTest" name="questionWithoutIdentifier" time="0"/>
</testsuite>