<?xml version="1.0" encoding="UTF-8" ?>
<testsuite tests="15" failures="0" name="nl.uva.bromance.grammar.IfSequenceGrammarTest" time="0.001" errors="0" skipped="0">
  <properties>
    <property name="idea.version" value="14.0.2"/>
    <property name="java.runtime.name" value="Java(TM) SE Runtime Environment"/>
    <property name="sun.boot.library.path" value="C:\Program Files\Java\jdk1.8.0_25\jre\bin"/>
    <property name="java.vm.version" value="25.25-b02"/>
    <property name="user.country.format" value="NL"/>
    <property name="java.vm.vendor" value="Oracle Corporation"/>
    <property name="java.vendor.url" value="http://java.oracle.com/"/>
    <property name="path.separator" value=";"/>
    <property name="guice.disable.misplaced.annotation.check" value="true"/>
    <property name="java.vm.name" value="Java HotSpot(TM) 64-Bit Server VM"/>
    <property name="file.encoding.pkg" value="sun.io"/>
    <property name="idea.launcher.port" value="7533"/>
    <property name="user.script" value=""/>
    <property name="user.country" value="US"/>
    <property name="sun.java.launcher" value="SUN_STANDARD"/>
    <property name="sun.os.patch.level" value=""/>
    <property name="java.vm.specification.name" value="Java Virtual Machine Specification"/>
    <property name="user.dir" value="D:\Dev\Workspaces\intellij\UvA\many-ql\RobertGer"/>
    <property name="java.runtime.version" value="1.8.0_25-b18"/>
    <property name="java.awt.graphicsenv" value="sun.awt.Win32GraphicsEnvironment"/>
    <property name="java.endorsed.dirs" value="C:\Program Files\Java\jdk1.8.0_25\jre\lib\endorsed"/>
    <property name="os.arch" value="amd64"/>
    <property name="java.io.tmpdir" value="C:\Users\Robert\AppData\Local\Temp\"/>
    <property name="line.separator" value="
"/>
    <property name="java.vm.specification.vendor" value="Oracle Corporation"/>
    <property name="user.variant" value=""/>
    <property name="os.name" value="Windows 8.1"/>
    <property name="classworlds.conf" value="C:\apache-maven-3.2.5\bin\m2.conf"/>
    <property name="sun.jnu.encoding" value="Cp1252"/>
    <property name="java.library.path" value="C:\Program Files\Java\jdk1.8.0_25\bin;C:\Windows\Sun\Java\bin;C:\Windows\system32;C:\Windows;C:\ProgramData\Oracle\Java\javapath;C:\Windows\system32;C:\Windows;C:\Windows\System32\Wbem;C:\Windows\System32\WindowsPowerShell\v1.0\;C:\Program Files (x86)\ATI Technologies\ATI.ACE\Core-Static;C:\Program Files (x86)\Git\cmd;."/>
    <property name="java.specification.name" value="Java Platform API Specification"/>
    <property name="java.class.version" value="52.0"/>
    <property name="sun.management.compiler" value="HotSpot 64-Bit Tiered Compilers"/>
    <property name="os.version" value="6.3"/>
    <property name="user.home" value="C:\Users\Robert"/>
    <property name="user.timezone" value="Europe/Berlin"/>
    <property name="java.awt.printerjob" value="sun.awt.windows.WPrinterJob"/>
    <property name="java.specification.version" value="1.8"/>
    <property name="idea.launcher.bin.path" value="C:\Program Files (x86)\JetBrains\IntelliJ IDEA Community Edition 14.0.2\bin"/>
    <property name="file.encoding" value="UTF-8"/>
    <property name="user.name" value="Robert"/>
    <property name="java.class.path" value="C:\apache-maven-3.2.5\boot\plexus-classworlds-2.5.2.jar;C:\Program Files (x86)\JetBrains\IntelliJ IDEA Community Edition 14.0.2\lib\idea_rt.jar"/>
    <property name="java.vm.specification.version" value="1.8"/>
    <property name="sun.arch.data.model" value="64"/>
    <property name="java.home" value="C:\Program Files\Java\jdk1.8.0_25\jre"/>
    <property name="sun.java.command" value="com.intellij.rt.execution.application.AppMain org.codehaus.classworlds.Launcher -Didea.version=14.0.2 test"/>
    <property name="java.specification.vendor" value="Oracle Corporation"/>
    <property name="user.language" value="en"/>
    <property name="user.language.format" value="nl"/>
    <property name="awt.toolkit" value="sun.awt.windows.WToolkit"/>
    <property name="java.vm.info" value="mixed mode"/>
    <property name="java.version" value="1.8.0_25"/>
    <property name="java.ext.dirs" value="C:\Program Files\Java\jdk1.8.0_25\jre\lib\ext;C:\Windows\Sun\Java\lib\ext"/>
    <property name="sun.boot.class.path" value="C:\Program Files\Java\jdk1.8.0_25\jre\lib\resources.jar;C:\Program Files\Java\jdk1.8.0_25\jre\lib\rt.jar;C:\Program Files\Java\jdk1.8.0_25\jre\lib\sunrsasign.jar;C:\Program Files\Java\jdk1.8.0_25\jre\lib\jsse.jar;C:\Program Files\Java\jdk1.8.0_25\jre\lib\jce.jar;C:\Program Files\Java\jdk1.8.0_25\jre\lib\charsets.jar;C:\Program Files\Java\jdk1.8.0_25\jre\lib\jfr.jar;C:\Program Files\Java\jdk1.8.0_25\jre\classes"/>
    <property name="java.vendor" value="Oracle Corporation"/>
    <property name="maven.home" value="C:\apache-maven-3.2.5"/>
    <property name="file.separator" value="\"/>
    <property name="java.vendor.url.bug" value="http://bugreport.sun.com/bugreport/"/>
    <property name="sun.cpu.endian" value="little"/>
    <property name="sun.io.unicode.encoding" value="UnicodeLittle"/>
    <property name="sun.desktop" value="windows"/>
    <property name="sun.cpu.isalist" value="amd64"/>
  </properties>
  <testcase classname="nl.uva.bromance.grammar.IfSequenceGrammarTest" name="elseWithoutBodyContent" time="0"/>
  <testcase classname="nl.uva.bromance.grammar.IfSequenceGrammarTest" name="elseIfWithoutBodyContents" time="0"/>
  <testcase classname="nl.uva.bromance.grammar.IfSequenceGrammarTest" name="malformedIfStatementBody" time="0"/>
  <testcase classname="nl.uva.bromance.grammar.IfSequenceGrammarTest" name="ifStatementWithoutBodyContents" time="0"/>
  <testcase classname="nl.uva.bromance.grammar.IfSequenceGrammarTest" name="ifStatementHasNoExpression" time="0"/>
  <testcase classname="nl.uva.bromance.grammar.IfSequenceGrammarTest" name="correctElseIf" time="0"/>
  <testcase classname="nl.uva.bromance.grammar.IfSequenceGrammarTest" name="multipleCorrectElseIf" time="0.001"/>
  <testcase classname="nl.uva.bromance.grammar.IfSequenceGrammarTest" name="elseIfWithoutExpression" time="0"/>
  <testcase classname="nl.uva.bromance.grammar.IfSequenceGrammarTest" name="correctIfStatement" time="0"/>
  <testcase classname="nl.uva.bromance.grammar.IfSequenceGrammarTest" name="elseWithoutPrecedingIf" time="0"/>
  <testcase classname="nl.uva.bromance.grammar.IfSequenceGrammarTest" name="elseStatementWithoutBodyContents" time="0"/>
  <testcase classname="nl.uva.bromance.grammar.IfSequenceGrammarTest" name="elseIfStatementWithoutPrecedingIfStatement" time="0"/>
  <testcase classname="nl.uva.bromance.grammar.IfSequenceGrammarTest" name="multipleIfStatements" time="0"/>
  <testcase classname="nl.uva.bromance.grammar.IfSequenceGrammarTest" name="correctElse" time="0"/>
  <testcase classname="nl.uva.bromance.grammar.IfSequenceGrammarTest" name="malformedElseStatement" time="0"/>
</testsuite>